mode: set
manabu-service/repositories/user/user.go:27.53,29.2 1 1
manabu-service/repositories/user/user.go:31.104,42.16 3 1
manabu-service/repositories/user/user.go:42.16,44.3 1 1
manabu-service/repositories/user/user.go:46.2,46.19 1 1
manabu-service/repositories/user/user.go:49.113,60.16 3 1
manabu-service/repositories/user/user.go:60.16,62.3 1 1
manabu-service/repositories/user/user.go:63.2,63.19 1 1
manabu-service/repositories/user/user.go:66.101,72.16 3 1
manabu-service/repositories/user/user.go:72.16,73.45 1 1
manabu-service/repositories/user/user.go:73.45,75.4 1 1
manabu-service/repositories/user/user.go:76.3,76.57 1 1
manabu-service/repositories/user/user.go:78.2,78.19 1 1
manabu-service/repositories/user/user.go:81.95,87.16 3 1
manabu-service/repositories/user/user.go:87.16,88.45 1 1
manabu-service/repositories/user/user.go:88.45,90.4 1 1
manabu-service/repositories/user/user.go:91.3,91.57 1 0
manabu-service/repositories/user/user.go:93.2,93.19 1 1
manabu-service/repositories/user/user.go:96.93,102.16 3 1
manabu-service/repositories/user/user.go:102.16,103.45 1 1
manabu-service/repositories/user/user.go:103.45,105.4 1 1
manabu-service/repositories/user/user.go:106.3,106.57 1 0
manabu-service/repositories/user/user.go:108.2,108.19 1 1
manabu-service/controllers/user/user.go:26.75,28.2 1 1
manabu-service/controllers/user/user.go:41.50,45.16 3 1
manabu-service/controllers/user/user.go:45.16,52.3 2 1
manabu-service/controllers/user/user.go:54.2,56.16 3 1
manabu-service/controllers/user/user.go:56.16,67.3 4 1
manabu-service/controllers/user/user.go:69.2,70.16 2 1
manabu-service/controllers/user/user.go:70.16,77.3 2 1
manabu-service/controllers/user/user.go:79.2,84.4 1 1
manabu-service/controllers/user/user.go:98.53,102.16 3 1
manabu-service/controllers/user/user.go:102.16,109.3 2 0
manabu-service/controllers/user/user.go:111.2,113.16 3 1
manabu-service/controllers/user/user.go:113.16,124.3 4 1
manabu-service/controllers/user/user.go:126.2,127.16 2 1
manabu-service/controllers/user/user.go:127.16,134.3 2 1
manabu-service/controllers/user/user.go:136.2,140.4 1 1
manabu-service/controllers/user/user.go:157.51,162.16 4 1
manabu-service/controllers/user/user.go:162.16,169.3 2 1
manabu-service/controllers/user/user.go:171.2,173.16 3 1
manabu-service/controllers/user/user.go:173.16,184.3 4 1
manabu-service/controllers/user/user.go:186.2,187.16 2 1
manabu-service/controllers/user/user.go:187.16,194.3 2 1
manabu-service/controllers/user/user.go:196.2,200.4 1 1
manabu-service/controllers/user/user.go:213.57,215.16 2 1
manabu-service/controllers/user/user.go:215.16,222.3 2 1
manabu-service/controllers/user/user.go:224.2,228.4 1 1
manabu-service/controllers/user/user.go:242.58,244.16 2 1
manabu-service/controllers/user/user.go:244.16,251.3 2 1
manabu-service/controllers/user/user.go:253.2,257.4 1 1
manabu-service/services/user/user.go:35.79,37.2 1 1
manabu-service/services/user/user.go:39.101,41.16 2 1
manabu-service/services/user/user.go:41.16,43.3 1 1
manabu-service/services/user/user.go:45.2,46.16 2 1
manabu-service/services/user/user.go:46.16,48.3 1 1
manabu-service/services/user/user.go:50.2,68.16 6 1
manabu-service/services/user/user.go:68.16,70.3 1 0
manabu-service/services/user/user.go:72.2,77.22 2 1
manabu-service/services/user/user.go:80.82,82.16 2 1
manabu-service/services/user/user.go:82.16,84.3 1 1
manabu-service/services/user/user.go:86.2,86.17 1 1
manabu-service/services/user/user.go:86.17,88.3 1 1
manabu-service/services/user/user.go:90.2,90.14 1 0
manabu-service/services/user/user.go:93.76,95.16 2 1
manabu-service/services/user/user.go:95.16,97.3 1 1
manabu-service/services/user/user.go:99.2,99.17 1 1
manabu-service/services/user/user.go:99.17,101.3 1 1
manabu-service/services/user/user.go:103.2,103.14 1 0
manabu-service/services/user/user.go:106.110,108.16 2 1
manabu-service/services/user/user.go:108.16,110.3 1 0
manabu-service/services/user/user.go:112.2,112.42 1 1
manabu-service/services/user/user.go:112.42,114.3 1 1
manabu-service/services/user/user.go:116.2,116.36 1 1
manabu-service/services/user/user.go:116.36,118.3 1 1
manabu-service/services/user/user.go:120.2,120.41 1 1
manabu-service/services/user/user.go:120.41,122.3 1 1
manabu-service/services/user/user.go:124.2,131.16 2 1
manabu-service/services/user/user.go:131.16,133.3 1 1
manabu-service/services/user/user.go:135.2,144.22 2 1
manabu-service/services/user/user.go:147.119,158.16 3 1
manabu-service/services/user/user.go:158.16,160.3 1 1
manabu-service/services/user/user.go:162.2,163.58 2 1
manabu-service/services/user/user.go:163.58,165.17 2 1
manabu-service/services/user/user.go:165.17,167.4 1 0
manabu-service/services/user/user.go:169.3,169.27 1 1
manabu-service/services/user/user.go:169.27,171.4 1 1
manabu-service/services/user/user.go:174.2,175.49 2 1
manabu-service/services/user/user.go:175.49,177.17 2 1
manabu-service/services/user/user.go:177.17,179.4 1 0
manabu-service/services/user/user.go:181.3,181.24 1 1
manabu-service/services/user/user.go:181.24,183.4 1 1
manabu-service/services/user/user.go:186.2,186.29 1 1
manabu-service/services/user/user.go:186.29,187.52 1 1
manabu-service/services/user/user.go:187.52,189.4 1 1
manabu-service/services/user/user.go:190.3,191.17 2 1
manabu-service/services/user/user.go:191.17,193.4 1 0
manabu-service/services/user/user.go:194.3,194.36 1 1
manabu-service/services/user/user.go:197.2,203.16 2 1
manabu-service/services/user/user.go:203.16,205.3 1 0
manabu-service/services/user/user.go:207.2,214.19 2 1
manabu-service/services/user/user.go:217.84,232.2 3 1
manabu-service/services/user/user.go:234.98,236.16 2 1
manabu-service/services/user/user.go:236.16,238.3 1 1
manabu-service/services/user/user.go:240.2,247.19 2 1
